0 info it worked if it ends with ok
1 verbose cli [ '/Users/zakimoto/.nvm/versions/node/v7.0.0/bin/node',
1 verbose cli   '/Users/zakimoto/.nvm/versions/node/v7.0.0/bin/npm',
1 verbose cli   'run',
1 verbose cli   'start' ]
2 info using npm@3.10.8
3 info using node@v7.0.0
4 verbose run-script [ 'prestart', 'start', 'poststart' ]
5 info lifecycle TodoApp@1.0.0~prestart: TodoApp@1.0.0
6 silly lifecycle TodoApp@1.0.0~prestart: no script for prestart, continuing
7 info lifecycle TodoApp@1.0.0~start: TodoApp@1.0.0
8 verbose lifecycle TodoApp@1.0.0~start: unsafe-perm in lifecycle true
9 verbose lifecycle TodoApp@1.0.0~start: PATH: /Users/zakimoto/.nvm/versions/node/v7.0.0/lib/node_modules/npm/bin/node-gyp-bin:/Users/zakimoto/TeamLabTasks/TodoApp/node_modules/.bin:/Users/zakimoto/google-cloud-sdk/bin:/Library/Java/JavaVirtualMachines/jdk1.8.0_112.jdk/Contents/Home/bin:/Users/zakimoto/.yarn/bin:/Users/zakimoto/.pyenv/shims:/Users/zakimoto/.pyenv/bin:/Users/zakimoto/.nvm/versions/node/v7.0.0/bin:/Users/zakimoto/.rbenv/shims:/Users/zakimoto/.rbenv/bin:/Users/zakimoto/.rbenv/shims:/Users/zakimoto/.rbenv/bin:/Users/zakimoto/.rvm/gems/ruby-2.4.1/bin:/Users/zakimoto/.rvm/gems/ruby-2.4.1@global/bin:/Users/zakimoto/.rvm/rubies/ruby-2.4.1/bin:/Users/zakimoto/.gvm/vertx/current/bin:/Users/zakimoto/.gvm/springboot/current/bin:/Users/zakimoto/.gvm/lazybones/current/bin:/Users/zakimoto/.gvm/jbake/current/bin:/Users/zakimoto/.gvm/groovyserv/current/bin:/Users/zakimoto/.gvm/groovy/current/bin:/Users/zakimoto/.gvm/griffon/current/bin:/Users/zakimoto/.gvm/grails/current/bin:/Users/zakimoto/.gvm/gradle/current/bin:/Users/zakimoto/.gvm/glide/current/bin:/Users/zakimoto/.gvm/gaiden/current/bin:/Users/zakimoto/.gvm/crash/current/bin:/Users/zakimoto/.gvm/asciidoctorj/current/bin:/opt/local/bin:/opt/local/sbin:/usr/bin/apache-ant-1.9.4/bin:/Users/zakimoto/.nodebrew/current/bin:/Applications/calibre.app/Contents/MacOS:/Users/zakimoto/.rbenv/shims:usr/local/bin/bin:/Users/zakimoto/.nodebrew/current/bin:/Library/Frameworks/Python.framework/Versions/2.7/bin:/usr/local/bin:/usr/bin:/bin:/usr/sbin:/sbin:/usr/local/sbin:/opt/X11/bin:/usr/texbin:/usr/local/Cellar/git/2.9.0/share/git-core/contrib/diff-highlight:~/bin:/Users/zakimoto/Documents/EGGX/:/Users/zakimoto/.rvm/bin:/usr/local/llvm/bin:/usr/local/opt/llvm/bin:/usr/local/nginx/bin:/Users/zakimoto/.rvm/bin:/usr/local/mongodb/bin:/Users/zakimoto/.rvm/bin
10 verbose lifecycle TodoApp@1.0.0~start: CWD: /Users/zakimoto/TeamLabTasks/TodoApp
11 silly lifecycle TodoApp@1.0.0~start: Args: [ '-c', 'babel-node server.js' ]
12 silly lifecycle TodoApp@1.0.0~start: Returned: code: 1  signal: null
13 info lifecycle TodoApp@1.0.0~start: Failed to exec start script
14 verbose stack Error: TodoApp@1.0.0 start: `babel-node server.js`
14 verbose stack Exit status 1
14 verbose stack     at EventEmitter.<anonymous> (/Users/zakimoto/.nvm/versions/node/v7.0.0/lib/node_modules/npm/lib/utils/lifecycle.js:255:16)
14 verbose stack     at emitTwo (events.js:106:13)
14 verbose stack     at EventEmitter.emit (events.js:191:7)
14 verbose stack     at ChildProcess.<anonymous> (/Users/zakimoto/.nvm/versions/node/v7.0.0/lib/node_modules/npm/lib/utils/spawn.js:40:14)
14 verbose stack     at emitTwo (events.js:106:13)
14 verbose stack     at ChildProcess.emit (events.js:191:7)
14 verbose stack     at maybeClose (internal/child_process.js:877:16)
14 verbose stack     at Process.ChildProcess._handle.onexit (internal/child_process.js:226:5)
15 verbose pkgid TodoApp@1.0.0
16 verbose cwd /Users/zakimoto/TeamLabTasks/TodoApp
17 error Darwin 16.6.0
18 error argv "/Users/zakimoto/.nvm/versions/node/v7.0.0/bin/node" "/Users/zakimoto/.nvm/versions/node/v7.0.0/bin/npm" "run" "start"
19 error node v7.0.0
20 error npm  v3.10.8
21 error code ELIFECYCLE
22 error TodoApp@1.0.0 start: `babel-node server.js`
22 error Exit status 1
23 error Failed at the TodoApp@1.0.0 start script 'babel-node server.js'.
23 error Make sure you have the latest version of node.js and npm installed.
23 error If you do, this is most likely a problem with the TodoApp package,
23 error not with npm itself.
23 error Tell the author that this fails on your system:
23 error     babel-node server.js
23 error You can get information on how to open an issue for this project with:
23 error     npm bugs TodoApp
23 error Or if that isn't available, you can get their info via:
23 error     npm owner ls TodoApp
23 error There is likely additional logging output above.
24 verbose exit [ 1, true ]
